#
# There is insufficient memory for the Java Runtime Environment to continue.
# Native memory allocation (malloc) failed to allocate 32744 bytes for ChunkPool::allocate
# Possible reasons:
#   The system is out of physical RAM or swap space
#   The process is running with CompressedOops enabled, and the Java Heap may be blocking the growth of the native heap
# Possible solutions:
#   Reduce memory load on the system
#   Increase physical memory or swap space
#   Check if swap backing store is full
#   Decrease Java heap size (-Xmx/-Xms)
#   Decrease number of Java threads
#   Decrease Java thread stack sizes (-Xss)
#   Set larger code cache with -XX:ReservedCodeCacheSize=
#   JVM is running with Unscaled Compressed Oops mode in which the Java heap is
#     placed in the first 4GB address space. The Java Heap base address is the
#     maximum limit for the native heap growth. Please use -XX:HeapBaseMinAddress
#     to set the Java Heap base and to place the Java Heap above 4GB virtual address.
# This output file may be truncated or incomplete.
#
#  Out of Memory Error (arena.cpp:78), pid=10780, tid=11228
#
# JRE version: Java(TM) SE Runtime Environment (17.0.12+8) (build 17.0.12+8-LTS-286)
# Java VM: Java HotSpot(TM) 64-Bit Server VM (17.0.12+8-LTS-286, mixed mode, sharing, tiered, compressed oops, compressed class ptrs, g1 gc, windows-amd64)
# No core dump will be written. Minidumps are not enabled by default on client versions of Windows
#

---------------  S U M M A R Y ------------

Command Line: -Xmx64m -Xms64m -Dorg.gradle.appname=gradlew org.gradle.wrapper.GradleWrapperMain app:installDebug -PreactNativeDevServerPort=8081

Host: 11th Gen Intel(R) Core(TM) i3-1115G4 @ 3.00GHz, 4 cores, 7G,  Windows 11 , 64 bit Build 22621 (10.0.22621.5262)
Time: Wed May  7 12:44:25 2025 India Standard Time elapsed time: 41.652592 seconds (0d 0h 0m 41s)

---------------  T H R E A D  ---------------

Current thread (0x00000202c81ec450):  JavaThread "C1 CompilerThread0" daemon [_thread_in_native, id=11228, stack(0x00000062bac00000,0x00000062bad00000)]


Current CompileTask:
C1:  41652 1946   !   3       java.io.ObjectInputStream::readSerialData (549 bytes)

Stack: [0x00000062bac00000,0x00000062bad00000]
Native frames: (J=compiled Java code, j=interpreted, Vv=VM code, C=native code)
V  [jvm.dll+0x67a04a]
V  [jvm.dll+0x7da4ed]
V  [jvm.dll+0x7dbe33]
V  [jvm.dll+0x7dc4a3]
V  [jvm.dll+0x24508f]
V  [jvm.dll+0xab9a4]
V  [jvm.dll+0xabd3c]
V  [jvm.dll+0x175ad3]
V  [jvm.dll+0x175b9e]
V  [jvm.dll+0x17836f]
V  [jvm.dll+0x179cc1]
V  [jvm.dll+0x135633]
V  [jvm.dll+0x134eff]
V  [jvm.dll+0x135148]
V  [jvm.dll+0x1345d1]
V  [jvm.dll+0x1362bd]
V  [jvm.dll+0x22610b]
V  [jvm.dll+0x2242ab]
V  [jvm.dll+0x79075c]
V  [jvm.dll+0x78abea]
V  [jvm.dll+0x678f35]
C  [ucrtbase.dll+0x29333]
C  [KERNEL32.DLL+0x1259d]
C  [ntdll.dll+0x5af58]


---------------  P R O C E S S  ---------------

Threads class SMR info:
_java_thread_list=0x00000202c8f318f0, length=13, elements={
0x00000202af295fd0, 0x00000202c81b9820, 0x00000202c81ba3e0, 0x00000202c81d0c80,
0x00000202c81d2650, 0x00000202c81d5020, 0x00000202c81d59e0, 0x00000202c81d78d0,
0x00000202c81ec450, 0x00000202c82511a0, 0x00000202c842bb00, 0x00000202c842e4e0,
0x00000202c8f0e020
}

Java Threads: ( => current thread )
  0x00000202af295fd0 JavaThread "main" [_thread_in_native, id=17380, stack(0x00000062b9e00000,0x00000062b9f00000)]
  0x00000202c81b9820 JavaThread "Reference Handler" daemon [_thread_blocked, id=18612, stack(0x00000062ba500000,0x00000062ba600000)]
  0x00000202c81ba3e0 JavaThread "Finalizer" daemon [_thread_blocked, id=452, stack(0x00000062ba600000,0x00000062ba700000)]
  0x00000202c81d0c80 JavaThread "Signal Dispatcher" daemon [_thread_blocked, id=10016, stack(0x00000062ba700000,0x00000062ba800000)]
  0x00000202c81d2650 JavaThread "Attach Listener" daemon [_thread_blocked, id=15092, stack(0x00000062ba800000,0x00000062ba900000)]
  0x00000202c81d5020 JavaThread "Service Thread" daemon [_thread_blocked, id=10948, stack(0x00000062ba900000,0x00000062baa00000)]
  0x00000202c81d59e0 JavaThread "Monitor Deflation Thread" daemon [_thread_blocked, id=16472, stack(0x00000062baa00000,0x00000062bab00000)]
  0x00000202c81d78d0 JavaThread "C2 CompilerThread0" daemon [_thread_in_native, id=12800, stack(0x00000062bab00000,0x00000062bac00000)]
=>0x00000202c81ec450 JavaThread "C1 CompilerThread0" daemon [_thread_in_native, id=11228, stack(0x00000062bac00000,0x00000062bad00000)]
  0x00000202c82511a0 JavaThread "Sweeper thread" daemon [_thread_blocked, id=20344, stack(0x00000062bad00000,0x00000062bae00000)]
  0x00000202c842bb00 JavaThread "Notification Thread" daemon [_thread_blocked, id=13912, stack(0x00000062bae00000,0x00000062baf00000)]
  0x00000202c842e4e0 JavaThread "Common-Cleaner" daemon [_thread_blocked, id=9912, stack(0x00000062bb000000,0x00000062bb100000)]
  0x00000202c8f0e020 JavaThread "pool-1-thread-1" [_thread_blocked, id=9900, stack(0x00000062bb400000,0x00000062bb500000)]

Other Threads:
  0x00000202c81b3970 VMThread "VM Thread" [stack: 0x00000062ba400000,0x00000062ba500000] [id=15352]
  0x00000202c842d220 WatcherThread [stack: 0x00000062baf00000,0x00000062bb000000] [id=9920]
  0x00000202af2b5c20 GCTaskThread "GC Thread#0" [stack: 0x00000062b9f00000,0x00000062ba000000] [id=16700]
  0x00000202c86c42b0 GCTaskThread "GC Thread#1" [stack: 0x00000062bb100000,0x00000062bb200000] [id=11888]
  0x00000202c86de6b0 GCTaskThread "GC Thread#2" [stack: 0x00000062bb200000,0x00000062bb300000] [id=9788]
  0x00000202c86de970 GCTaskThread "GC Thread#3" [stack: 0x00000062bb300000,0x00000062bb400000] [id=19912]
  0x00000202af2b7370 ConcurrentGCThread "G1 Main Marker" [stack: 0x00000062ba000000,0x00000062ba100000] [id=18644]
  0x00000202af2b9da0 ConcurrentGCThread "G1 Conc#0" [stack: 0x00000062ba100000,0x00000062ba200000] [id=16896]
  0x00000202af34a590 ConcurrentGCThread "G1 Refine#0" [stack: 0x00000062ba200000,0x00000062ba300000] [id=19148]
  0x00000202af34afd0 ConcurrentGCThread "G1 Service" [stack: 0x00000062ba300000,0x00000062ba400000] [id=19952]

Threads with active compile tasks:
C2 CompilerThread0    41682 1950       4       java.io.ObjectInputStream$BlockDataInputStream::peek (55 bytes)
C1 CompilerThread0    41682 1946   !   3       java.io.ObjectInputStream::readSerialData (549 bytes)

VM state: not at safepoint (normal execution)

VM Mutex/Monitor currently owned by a thread: None

Heap address: 0x00000000fc000000, size: 64 MB, Compressed Oops mode: 32-bit

CDS archive(s) mapped at: [0x00000202c9000000-0x00000202c9bd0000-0x00000202c9bd0000), size 12386304, SharedBaseAddress: 0x00000202c9000000, ArchiveRelocationMode: 1.
Compressed class space mapped at: 0x00000202ca000000-0x000002030a000000, reserved size: 1073741824
Narrow klass base: 0x00000202c9000000, Narrow klass shift: 0, Narrow klass range: 0x100000000

GC Precious Log:
 CPUs: 4 total, 4 available
 Memory: 7926M
 Large Page Support: Disabled
 NUMA Support: Disabled
 Compressed Oops: Enabled (32-bit)
 Heap Region Size: 1M
 Heap Min Capacity: 64M
 Heap Initial Capacity: 64M
 Heap Max Capacity: 64M
 Pre-touch: Disabled
 Parallel Workers: 4
 Concurrent Workers: 1
 Concurrent Refinement Workers: 4
 Periodic GC: Disabled

Heap:
 garbage-first heap   total 65536K, used 38198K [0x00000000fc000000, 0x0000000100000000)
  region size 1024K, 32 young (32768K), 3 survivors (3072K)
 Metaspace       used 9901K, committed 10176K, reserved 1114112K
  class space    used 1293K, committed 1408K, reserved 1048576K

Heap Regions: E=young(eden), S=young(survivor), O=old, HS=humongous(starts), HC=humongous(continues), CS=collection set, F=free, OA=open archive, CA=closed archive, TAMS=top-at-mark-start (previous, next)
|   0|0x00000000fc000000, 0x00000000fc100000, 0x00000000fc100000|100%|HS|  |TAMS 0x00000000fc000000, 0x00000000fc000000| Complete 
|   1|0x00000000fc100000, 0x00000000fc200000, 0x00000000fc200000|100%|HC|  |TAMS 0x00000000fc100000, 0x00000000fc100000| Complete 
|   2|0x00000000fc200000, 0x00000000fc300000, 0x00000000fc300000|100%|HC|  |TAMS 0x00000000fc200000, 0x00000000fc200000| Complete 
|   3|0x00000000fc300000, 0x00000000fc400000, 0x00000000fc400000|100%| O|  |TAMS 0x00000000fc300000, 0x00000000fc300000| Untracked 
|   4|0x00000000fc400000, 0x00000000fc500000, 0x00000000fc500000|100%| O|  |TAMS 0x00000000fc400000, 0x00000000fc400000| Untracked 
|   5|0x00000000fc500000, 0x00000000fc600000, 0x00000000fc600000|100%| O|  |TAMS 0x00000000fc500000, 0x00000000fc500000| Untracked 
|   6|0x00000000fc600000, 0x00000000fc64da00, 0x00000000fc700000| 30%| O|  |TAMS 0x00000000fc600000, 0x00000000fc600000| Untracked 
|   7|0x00000000fc700000, 0x00000000fc700000, 0x00000000fc800000|  0%| F|  |TAMS 0x00000000fc700000, 0x00000000fc700000| Untracked 
|   8|0x00000000fc800000, 0x00000000fc800000, 0x00000000fc900000|  0%| F|  |TAMS 0x00000000fc800000, 0x00000000fc800000| Untracked 
|   9|0x00000000fc900000, 0x00000000fc900000, 0x00000000fca00000|  0%| F|  |TAMS 0x00000000fc900000, 0x00000000fc900000| Untracked 
|  10|0x00000000fca00000, 0x00000000fca00000, 0x00000000fcb00000|  0%| F|  |TAMS 0x00000000fca00000, 0x00000000fca00000| Untracked 
|  11|0x00000000fcb00000, 0x00000000fcb00000, 0x00000000fcc00000|  0%| F|  |TAMS 0x00000000fcb00000, 0x00000000fcb00000| Untracked 
|  12|0x00000000fcc00000, 0x00000000fcc00000, 0x00000000fcd00000|  0%| F|  |TAMS 0x00000000fcc00000, 0x00000000fcc00000| Untracked 
|  13|0x00000000fcd00000, 0x00000000fcd00000, 0x00000000fce00000|  0%| F|  |TAMS 0x00000000fcd00000, 0x00000000fcd00000| Untracked 
|  14|0x00000000fce00000, 0x00000000fce00000, 0x00000000fcf00000|  0%| F|  |TAMS 0x00000000fce00000, 0x00000000fce00000| Untracked 
|  15|0x00000000fcf00000, 0x00000000fcf00000, 0x00000000fd000000|  0%| F|  |TAMS 0x00000000fcf00000, 0x00000000fcf00000| Untracked 
|  16|0x00000000fd000000, 0x00000000fd000000, 0x00000000fd100000|  0%| F|  |TAMS 0x00000000fd000000, 0x00000000fd000000| Untracked 
|  17|0x00000000fd100000, 0x00000000fd100000, 0x00000000fd200000|  0%| F|  |TAMS 0x00000000fd100000, 0x00000000fd100000| Untracked 
|  18|0x00000000fd200000, 0x00000000fd200000, 0x00000000fd300000|  0%| F|  |TAMS 0x00000000fd200000, 0x00000000fd200000| Untracked 
|  19|0x00000000fd300000, 0x00000000fd300000, 0x00000000fd400000|  0%| F|  |TAMS 0x00000000fd300000, 0x00000000fd300000| Untracked 
|  20|0x00000000fd400000, 0x00000000fd400000, 0x00000000fd500000|  0%| F|  |TAMS 0x00000000fd400000, 0x00000000fd400000| Untracked 
|  21|0x00000000fd500000, 0x00000000fd500000, 0x00000000fd600000|  0%| F|  |TAMS 0x00000000fd500000, 0x00000000fd500000| Untracked 
|  22|0x00000000fd600000, 0x00000000fd600000, 0x00000000fd700000|  0%| F|  |TAMS 0x00000000fd600000, 0x00000000fd600000| Untracked 
|  23|0x00000000fd700000, 0x00000000fd700000, 0x00000000fd800000|  0%| F|  |TAMS 0x00000000fd700000, 0x00000000fd700000| Untracked 
|  24|0x00000000fd800000, 0x00000000fd800000, 0x00000000fd900000|  0%| F|  |TAMS 0x00000000fd800000, 0x00000000fd800000| Untracked 
|  25|0x00000000fd900000, 0x00000000fd900000, 0x00000000fda00000|  0%| F|  |TAMS 0x00000000fd900000, 0x00000000fd900000| Untracked 
|  26|0x00000000fda00000, 0x00000000fda00000, 0x00000000fdb00000|  0%| F|  |TAMS 0x00000000fda00000, 0x00000000fda00000| Untracked 
|  27|0x00000000fdb00000, 0x00000000fdb00000, 0x00000000fdc00000|  0%| F|  |TAMS 0x00000000fdb00000, 0x00000000fdb00000| Untracked 
|  28|0x00000000fdc00000, 0x00000000fdc00000, 0x00000000fdd00000|  0%| F|  |TAMS 0x00000000fdc00000, 0x00000000fdc00000| Untracked 
|  29|0x00000000fdd00000, 0x00000000fdd00000, 0x00000000fde00000|  0%| F|  |TAMS 0x00000000fdd00000, 0x00000000fdd00000| Untracked 
|  30|0x00000000fde00000, 0x00000000fde00000, 0x00000000fdf00000|  0%| F|  |TAMS 0x00000000fde00000, 0x00000000fde00000| Untracked 
|  31|0x00000000fdf00000, 0x00000000fdf00000, 0x00000000fe000000|  0%| F|  |TAMS 0x00000000fdf00000, 0x00000000fdf00000| Untracked 
|  32|0x00000000fe000000, 0x00000000fe080800, 0x00000000fe100000| 50%| E|  |TAMS 0x00000000fe000000, 0x00000000fe000000| Complete 
|  33|0x00000000fe100000, 0x00000000fe200000, 0x00000000fe200000|100%| E|CS|TAMS 0x00000000fe100000, 0x00000000fe100000| Complete 
|  34|0x00000000fe200000, 0x00000000fe300000, 0x00000000fe300000|100%| E|CS|TAMS 0x00000000fe200000, 0x00000000fe200000| Complete 
|  35|0x00000000fe300000, 0x00000000fe400000, 0x00000000fe400000|100%| E|CS|TAMS 0x00000000fe300000, 0x00000000fe300000| Complete 
|  36|0x00000000fe400000, 0x00000000fe500000, 0x00000000fe500000|100%| E|CS|TAMS 0x00000000fe400000, 0x00000000fe400000| Complete 
|  37|0x00000000fe500000, 0x00000000fe600000, 0x00000000fe600000|100%| E|CS|TAMS 0x00000000fe500000, 0x00000000fe500000| Complete 
|  38|0x00000000fe600000, 0x00000000fe700000, 0x00000000fe700000|100%| E|CS|TAMS 0x00000000fe600000, 0x00000000fe600000| Complete 
|  39|0x00000000fe700000, 0x00000000fe800000, 0x00000000fe800000|100%| E|CS|TAMS 0x00000000fe700000, 0x00000000fe700000| Complete 
|  40|0x00000000fe800000, 0x00000000fe900000, 0x00000000fe900000|100%| E|CS|TAMS 0x00000000fe800000, 0x00000000fe800000| Complete 
|  41|0x00000000fe900000, 0x00000000fea00000, 0x00000000fea00000|100%| S|CS|TAMS 0x00000000fe900000, 0x00000000fe900000| Complete 
|  42|0x00000000fea00000, 0x00000000feb00000, 0x00000000feb00000|100%| S|CS|TAMS 0x00000000fea00000, 0x00000000fea00000| Complete 
|  43|0x00000000feb00000, 0x00000000fec00000, 0x00000000fec00000|100%| S|CS|TAMS 0x00000000feb00000, 0x00000000feb00000| Complete 
|  44|0x00000000fec00000, 0x00000000fed00000, 0x00000000fed00000|100%| E|CS|TAMS 0x00000000fec00000, 0x00000000fec00000| Complete 
|  45|0x00000000fed00000, 0x00000000fee00000, 0x00000000fee00000|100%| E|CS|TAMS 0x00000000fed00000, 0x00000000fed00000| Complete 
|  46|0x00000000fee00000, 0x00000000fef00000, 0x00000000fef00000|100%| E|CS|TAMS 0x00000000fee00000, 0x00000000fee00000| Complete 
|  47|0x00000000fef00000, 0x00000000ff000000, 0x00000000ff000000|100%| E|CS|TAMS 0x00000000fef00000, 0x00000000fef00000| Complete 
|  48|0x00000000ff000000, 0x00000000ff100000, 0x00000000ff100000|100%| E|CS|TAMS 0x00000000ff000000, 0x00000000ff000000| Complete 
|  49|0x00000000ff100000, 0x00000000ff200000, 0x00000000ff200000|100%| E|CS|TAMS 0x00000000ff100000, 0x00000000ff100000| Complete 
|  50|0x00000000ff200000, 0x00000000ff300000, 0x00000000ff300000|100%| E|CS|TAMS 0x00000000ff200000, 0x00000000ff200000| Complete 
|  51|0x00000000ff300000, 0x00000000ff400000, 0x00000000ff400000|100%| E|CS|TAMS 0x00000000ff300000, 0x00000000ff300000| Complete 
|  52|0x00000000ff400000, 0x00000000ff500000, 0x00000000ff500000|100%| E|CS|TAMS 0x00000000ff400000, 0x00000000ff400000| Complete 
|  53|0x00000000ff500000, 0x00000000ff600000, 0x00000000ff600000|100%| E|CS|TAMS 0x00000000ff500000, 0x00000000ff500000| Complete 
|  54|0x00000000ff600000, 0x00000000ff700000, 0x00000000ff700000|100%| E|CS|TAMS 0x00000000ff600000, 0x00000000ff600000| Complete 
|  55|0x00000000ff700000, 0x00000000ff800000, 0x00000000ff800000|100%| E|CS|TAMS 0x00000000ff700000, 0x00000000ff700000| Complete 
|  56|0x00000000ff800000, 0x00000000ff900000, 0x00000000ff900000|100%| E|CS|TAMS 0x00000000ff800000, 0x00000000ff800000| Complete 
|  57|0x00000000ff900000, 0x00000000ffa00000, 0x00000000ffa00000|100%| E|CS|TAMS 0x00000000ff900000, 0x00000000ff900000| Complete 
|  58|0x00000000ffa00000, 0x00000000ffb00000, 0x00000000ffb00000|100%| E|CS|TAMS 0x00000000ffa00000, 0x00000000ffa00000| Complete 
|  59|0x00000000ffb00000, 0x00000000ffc00000, 0x00000000ffc00000|100%| E|CS|TAMS 0x00000000ffb00000, 0x00000000ffb00000| Complete 
|  60|0x00000000ffc00000, 0x00000000ffd00000, 0x00000000ffd00000|100%| E|CS|TAMS 0x00000000ffc00000, 0x00000000ffc00000| Complete 
|  61|0x00000000ffd00000, 0x00000000ffe00000, 0x00000000ffe00000|100%| E|CS|TAMS 0x00000000ffd00000, 0x00000000ffd00000| Complete 
|  62|0x00000000ffe00000, 0x00000000fff00000, 0x00000000fff00000|100%| E|CS|TAMS 0x00000000ffe00000, 0x00000000ffe00000| Complete 
|  63|0x00000000fff00000, 0x0000000100000000, 0x0000000100000000|100%| E|CS|TAMS 0x00000000fff00000, 0x00000000fff00000| Complete 

Card table byte_map: [0x00000202ad220000,0x00000202ad240000] _byte_map_base: 0x00000202aca40000

Marking Bits (Prev, Next): (CMBitMap*) 0x00000202af2b6240, (CMBitMap*) 0x00000202af2b6280
 Prev Bits: [0x00000202af080000, 0x00000202af180000)
 Next Bits: [0x00000202c5b50000, 0x00000202c5c50000)

Polling page: 0x00000202ad1d0000

Metaspace:

Usage:
  Non-class:      8.41 MB used.
      Class:      1.26 MB used.
       Both:      9.67 MB used.

Virtual space:
  Non-class space:       64.00 MB reserved,       8.56 MB ( 13%) committed,  1 nodes.
      Class space:        1.00 GB reserved,       1.38 MB ( <1%) committed,  1 nodes.
             Both:        1.06 GB reserved,       9.94 MB ( <1%) committed. 

Chunk freelists:
   Non-Class:  6.62 MB
       Class:  14.48 MB
        Both:  21.10 MB

MaxMetaspaceSize: unlimited
CompressedClassSpaceSize: 1.00 GB
Initial GC threshold: 21.00 MB
Current GC threshold: 21.00 MB
CDS: on
MetaspaceReclaimPolicy: balanced
 - commit_granule_bytes: 65536.
 - commit_granule_words: 8192.
 - virtual_space_node_default_size: 8388608.
 - enlarge_chunks_in_place: 1.
 - new_chunks_are_fully_committed: 0.
 - uncommit_free_chunks: 1.
 - use_allocation_guard: 0.
 - handle_deallocations: 1.


Internal statistics:

num_allocs_failed_limit: 0.
num_arena_births: 102.
num_arena_deaths: 0.
num_vsnodes_births: 2.
num_vsnodes_deaths: 0.
num_space_committed: 159.
num_space_uncommitted: 0.
num_chunks_returned_to_freelist: 0.
num_chunks_taken_from_freelist: 383.
num_chunk_merges: 0.
num_chunk_splits: 243.
num_chunks_enlarged: 183.
num_inconsistent_stats: 0.

CodeHeap 'non-profiled nmethods': size=120000Kb used=713Kb max_used=713Kb free=119286Kb
 bounds [0x00000202be620000, 0x00000202be890000, 0x00000202c5b50000]
CodeHeap 'profiled nmethods': size=120000Kb used=3800Kb max_used=3800Kb free=116199Kb
 bounds [0x00000202b6b50000, 0x00000202b6f10000, 0x00000202be080000]
CodeHeap 'non-nmethods': size=5760Kb used=1185Kb max_used=1201Kb free=4574Kb
 bounds [0x00000202be080000, 0x00000202be2f0000, 0x00000202be620000]
 total_blobs=2406 nmethods=1937 adapters=382
 compilation: enabled
              stopped_count=0, restarted_count=0
 full_count=0

Compilation events (20 events):
Event: 41.640 Thread 0x00000202c81ec450 nmethod 1920 0x00000202b6efd910 code [0x00000202b6efdac0, 0x00000202b6efdda8]
Event: 41.640 Thread 0x00000202c81ec450 1923       3       java.io.ObjectInputStream$GetField::<init> (5 bytes)
Event: 41.641 Thread 0x00000202c81ec450 nmethod 1923 0x00000202b6efdf10 code [0x00000202b6efe0a0, 0x00000202b6efe1f8]
Event: 41.641 Thread 0x00000202c81ec450 1929       3       java.io.ObjectStreamClass::checkDeserialize (20 bytes)
Event: 41.641 Thread 0x00000202c81d78d0 nmethod 1936 0x00000202be6d2190 code [0x00000202be6d2300, 0x00000202be6d2398]
Event: 41.641 Thread 0x00000202c81ec450 nmethod 1929 0x00000202b6efe290 code [0x00000202b6efe460, 0x00000202b6efe838]
Event: 41.641 Thread 0x00000202c81ec450 1930       3       java.io.ObjectStreamClass::isInstantiable (17 bytes)
Event: 41.641 Thread 0x00000202c81ec450 nmethod 1930 0x00000202b6efea10 code [0x00000202b6efebc0, 0x00000202b6efeea8]
Event: 41.641 Thread 0x00000202c81ec450 1932       3       java.io.ObjectStreamClass::isRecord (9 bytes)
Event: 41.641 Thread 0x00000202c81ec450 nmethod 1932 0x00000202b6eff010 code [0x00000202b6eff1c0, 0x00000202b6eff448]
Event: 41.641 Thread 0x00000202c81ec450 1931   !   3       java.io.ObjectStreamClass::newInstance (157 bytes)
Event: 41.642 Thread 0x00000202c81ec450 nmethod 1931 0x00000202b6eff590 code [0x00000202b6eff980, 0x00000202b6f01478]
Event: 41.643 Thread 0x00000202c81ec450 1935       3       org.gradle.internal.serialize.ExceptionPlaceholder$3::transform (80 bytes)
Event: 41.643 Thread 0x00000202c81ec450 nmethod 1935 0x00000202b6f02410 code [0x00000202b6f02600, 0x00000202b6f02c38]
Event: 41.643 Thread 0x00000202c81ec450 1934   !   3       java.io.ObjectInputStream::readOrdinaryObject (379 bytes)
Event: 41.643 Thread 0x00000202c81d78d0 1938       4       java.io.ObjectInputStream$BlockDataInputStream::setBlockDataMode (74 bytes)
Event: 41.644 Thread 0x00000202c81d78d0 nmethod 1938 0x00000202be6d2490 code [0x00000202be6d2600, 0x00000202be6d26d8]
Event: 41.644 Thread 0x00000202c81d78d0 1950       4       java.io.ObjectInputStream$BlockDataInputStream::peek (55 bytes)
Event: 41.644 Thread 0x00000202c81ec450 nmethod 1934 0x00000202b6f02e10 code [0x00000202b6f03300, 0x00000202b6f05418]
Event: 41.644 Thread 0x00000202c81ec450 1946   !   3       java.io.ObjectInputStream::readSerialData (549 bytes)

GC Heap History (4 events):
Event: 0.337 GC heap before
{Heap before GC invocations=0 (full 0):
 garbage-first heap   total 65536K, used 12288K [0x00000000fc000000, 0x0000000100000000)
  region size 1024K, 13 young (13312K), 0 survivors (0K)
 Metaspace       used 1657K, committed 1792K, reserved 1114112K
  class space    used 157K, committed 192K, reserved 1048576K
}
Event: 0.339 GC heap after
{Heap after GC invocations=1 (full 0):
 garbage-first heap   total 65536K, used 1472K [0x00000000fc000000, 0x0000000100000000)
  region size 1024K, 2 young (2048K), 2 survivors (2048K)
 Metaspace       used 1657K, committed 1792K, reserved 1114112K
  class space    used 157K, committed 192K, reserved 1048576K
}
Event: 0.789 GC heap before
{Heap before GC invocations=1 (full 0):
 garbage-first heap   total 65536K, used 21952K [0x00000000fc000000, 0x0000000100000000)
  region size 1024K, 20 young (20480K), 2 survivors (2048K)
 Metaspace       used 2156K, committed 2304K, reserved 1114112K
  class space    used 199K, committed 256K, reserved 1048576K
}
Event: 0.794 GC heap after
{Heap after GC invocations=2 (full 0):
 garbage-first heap   total 65536K, used 9526K [0x00000000fc000000, 0x0000000100000000)
  region size 1024K, 3 young (3072K), 3 survivors (3072K)
 Metaspace       used 2156K, committed 2304K, reserved 1114112K
  class space    used 199K, committed 256K, reserved 1048576K
}

Deoptimization events (20 events):
Event: 1.628 Thread 0x00000202af295fd0 DEOPT PACKING pc=0x00000202be661e48 sp=0x00000062b9efd440
Event: 1.628 Thread 0x00000202af295fd0 DEOPT UNPACKING pc=0x00000202be0d5ba3 sp=0x00000062b9efd3c0 mode 2
Event: 1.645 Thread 0x00000202af295fd0 Uncommon trap: trap_request=0xffffffde fr.pc=0x00000202be656874 relative=0x0000000000000074
Event: 1.645 Thread 0x00000202af295fd0 Uncommon trap: reason=class_check action=maybe_recompile pc=0x00000202be656874 method=java.util.AbstractList$Itr.hasNext()Z @ 8 c2
Event: 1.645 Thread 0x00000202af295fd0 DEOPT PACKING pc=0x00000202be656874 sp=0x00000062b9efcdf0
Event: 1.645 Thread 0x00000202af295fd0 DEOPT UNPACKING pc=0x00000202be0d5ba3 sp=0x00000062b9efcd88 mode 2
Event: 1.656 Thread 0x00000202af295fd0 Uncommon trap: trap_request=0xffffff45 fr.pc=0x00000202be64d920 relative=0x00000000000001c0
Event: 1.656 Thread 0x00000202af295fd0 Uncommon trap: reason=unstable_if action=reinterpret pc=0x00000202be64d920 method=java.util.HashMap.putVal(ILjava/lang/Object;Ljava/lang/Object;ZZ)Ljava/lang/Object; @ 162 c2
Event: 1.656 Thread 0x00000202af295fd0 DEOPT PACKING pc=0x00000202be64d920 sp=0x00000062b9efb3a0
Event: 1.656 Thread 0x00000202af295fd0 DEOPT UNPACKING pc=0x00000202be0d5ba3 sp=0x00000062b9efb330 mode 2
Event: 1.693 Thread 0x00000202af295fd0 Uncommon trap: trap_request=0xffffffde fr.pc=0x00000202be656874 relative=0x0000000000000074
Event: 1.693 Thread 0x00000202af295fd0 Uncommon trap: reason=class_check action=maybe_recompile pc=0x00000202be656874 method=java.util.AbstractList$Itr.hasNext()Z @ 8 c2
Event: 1.693 Thread 0x00000202af295fd0 DEOPT PACKING pc=0x00000202be656874 sp=0x00000062b9efc590
Event: 1.693 Thread 0x00000202af295fd0 DEOPT UNPACKING pc=0x00000202be0d5ba3 sp=0x00000062b9efc528 mode 2
Event: 1.728 Thread 0x00000202af295fd0 Uncommon trap: trap_request=0xffffffde fr.pc=0x00000202be656874 relative=0x0000000000000074
Event: 1.728 Thread 0x00000202af295fd0 Uncommon trap: reason=class_check action=maybe_recompile pc=0x00000202be656874 method=java.util.AbstractList$Itr.hasNext()Z @ 8 c2
Event: 1.728 Thread 0x00000202af295fd0 DEOPT PACKING pc=0x00000202be656874 sp=0x00000062b9efd5c0
Event: 1.728 Thread 0x00000202af295fd0 DEOPT UNPACKING pc=0x00000202be0d5ba3 sp=0x00000062b9efd558 mode 2
Event: 2.223 Thread 0x00000202c8f0e020 DEOPT PACKING pc=0x00000202b6de85ea sp=0x00000062bb4fd940
Event: 2.223 Thread 0x00000202c8f0e020 DEOPT UNPACKING pc=0x00000202be0d66e3 sp=0x00000062bb4fce50 mode 0

Classes unloaded (0 events):
No events

Classes redefined (0 events):
No events

Internal exceptions (20 events):
Event: 1.038 Thread 0x00000202af295fd0 Exception <a 'java/lang/NoSuchMethodError'{0x00000000ffad7348}: 'java.lang.Object java.lang.invoke.DirectMethodHandle$Holder.invokeStaticInit(java.lang.Object)'> (0x00000000ffad7348) 
thrown [s\open\src\hotspot\share\interpreter\linkResolver.cpp, line 759]
Event: 1.071 Thread 0x00000202af295fd0 Exception <a 'java/lang/NoSuchMethodError'{0x00000000ffaf2010}: 'int java.lang.invoke.DirectMethodHandle$Holder.invokeSpecial(java.lang.Object, java.lang.Object, java.lang.Object)'> (0x00000000ffaf2010) 
thrown [s\open\src\hotspot\share\interpreter\linkResolver.cpp, line 759]
Event: 1.083 Thread 0x00000202af295fd0 Exception <a 'java/lang/NoSuchMethodError'{0x00000000ff92f1a0}: 'void java.lang.invoke.DirectMethodHandle$Holder.invokeStatic(java.lang.Object, java.lang.Object)'> (0x00000000ff92f1a0) 
thrown [s\open\src\hotspot\share\interpreter\linkResolver.cpp, line 759]
Event: 1.085 Thread 0x00000202af295fd0 Implicit null exception at 0x00000202be67fe8f to 0x00000202be6803c0
Event: 1.085 Thread 0x00000202af295fd0 Implicit null exception at 0x00000202be66350f to 0x00000202be663a40
Event: 1.085 Thread 0x00000202af295fd0 Implicit null exception at 0x00000202be65148f to 0x00000202be651509
Event: 1.109 Thread 0x00000202af295fd0 Exception <a 'java/lang/NoClassDefFoundError'{0x00000000ff9afbd0}: org/slf4j/impl/StaticMarkerBinder> (0x00000000ff9afbd0) 
thrown [s\open\src\hotspot\share\classfile\systemDictionary.cpp, line 245]
Event: 1.144 Thread 0x00000202af295fd0 Exception <a 'java/lang/NoSuchMethodError'{0x00000000ff8dda90}: 'java.lang.Object java.lang.invoke.Invokers$Holder.invoker(java.lang.Object, java.lang.Object, java.lang.Object)'> (0x00000000ff8dda90) 
thrown [s\open\src\hotspot\share\interpreter\linkResolver.cpp, line 759]
Event: 1.145 Thread 0x00000202af295fd0 Exception <a 'java/lang/NoSuchMethodError'{0x00000000ff8e6be8}: 'java.lang.Object java.lang.invoke.DirectMethodHandle$Holder.invokeStatic(java.lang.Object, java.lang.Object, int)'> (0x00000000ff8e6be8) 
thrown [s\open\src\hotspot\share\interpreter\linkResolver.cpp, line 759]
Event: 1.147 Thread 0x00000202af295fd0 Exception <a 'java/lang/NoSuchMethodError'{0x00000000ff8f28d8}: 'void java.lang.invoke.DelegatingMethodHandle$Holder.delegate(java.lang.Object, java.lang.Object, int, java.lang.Object)'> (0x00000000ff8f28d8) 
thrown [s\open\src\hotspot\share\interpreter\linkResolver.cpp, line 759]
Event: 1.150 Thread 0x00000202af295fd0 Exception <a 'java/lang/NoSuchMethodError'{0x00000000ff706400}: 'java.lang.Object java.lang.invoke.Invokers$Holder.invokeExact_MT(java.lang.Object, java.lang.Object, java.lang.Object, java.lang.Object)'> (0x00000000ff706400) 
thrown [s\open\src\hotspot\share\interpreter\linkResolver.cpp, line 759]
Event: 1.154 Thread 0x00000202af295fd0 Exception <a 'java/lang/NoSuchMethodError'{0x00000000ff729eb0}: 'java.lang.Object java.lang.invoke.DirectMethodHandle$Holder.invokeVirtual(java.lang.Object, java.lang.Object, java.lang.Object)'> (0x00000000ff729eb0) 
thrown [s\open\src\hotspot\share\interpreter\linkResolver.cpp, line 759]
Event: 1.263 Thread 0x00000202af295fd0 Exception <a 'java/lang/NoSuchMethodError'{0x00000000ff374148}: 'java.lang.Object java.lang.invoke.DirectMethodHandle$Holder.newInvokeSpecial(java.lang.Object, java.lang.Object, java.lang.Object, java.lang.Object, java.lang.Object)'> (0x00000000ff374148) 
thrown [s\open\src\hotspot\share\interpreter\linkResolver.cpp, line 759]
Event: 1.291 Thread 0x00000202af295fd0 Exception <a 'java/lang/NoSuchMethodError'{0x00000000ff299f10}: 'void java.lang.invoke.DirectMethodHandle$Holder.invokeSpecial(java.lang.Object, java.lang.Object, java.lang.Object)'> (0x00000000ff299f10) 
thrown [s\open\src\hotspot\share\interpreter\linkResolver.cpp, line 759]
Event: 1.450 Thread 0x00000202af295fd0 Exception <a 'java/lang/NoSuchMethodError'{0x00000000fef20140}: 'void java.lang.invoke.DirectMethodHandle$Holder.invokeStatic(java.lang.Object, java.lang.Object, java.lang.Object)'> (0x00000000fef20140) 
thrown [s\open\src\hotspot\share\interpreter\linkResolver.cpp, line 759]
Event: 1.502 Thread 0x00000202af295fd0 Exception <a 'java/lang/NoSuchMethodError'{0x00000000fedb5258}: 'java.lang.Object java.lang.invoke.DirectMethodHandle$Holder.newInvokeSpecial(java.lang.Object, java.lang.Object, java.lang.Object, java.lang.Object, java.lang.Object, java.lang.Object, java.lang.Object, java.lang.Object, java.lang.Object, java.lang.Object, java.lang.Object, java.lang.Object, java.lang.Object, java.lang.Object, java.lang.Object, java.lang.Object, java.lang.Object, java.lang.Object, java.lang.Object, java.lang.Object, java.lang
Event: 1.502 Thread 0x00000202af295fd0 Exception <a 'java/lang/NoSuchMethodError'{0x00000000fedc1860}: 'java.lang.Object java.lang.invoke.Invokers$Holder.linkToTargetMethod(java.lang.Object, java.lang.Object, java.lang.Object, java.lang.Object, java.lang.Object, java.lang.Object, java.lang.Object, java.lang.Object, java.lang.Object, java.lang.Object, java.lang.Object, java.lang.Object, java.lang.Object, java.lang.Object, java.lang.Object, java.lang.Object, java.lang.Object, java.lang.Object, java.lang.Object, java.lang.Object, java.lang.Object,
Event: 1.556 Thread 0x00000202af295fd0 Exception <a 'java/lang/NoSuchMethodError'{0x00000000fe722058}: 'java.lang.Object java.lang.invoke.DirectMethodHandle$Holder.invokeStaticInit(java.lang.Object, int, int, int, int)'> (0x00000000fe722058) 
thrown [s\open\src\hotspot\share\interpreter\linkResolver.cpp, line 759]
Event: 1.605 Thread 0x00000202af295fd0 Exception <a 'java/lang/NoSuchMethodError'{0x00000000fe7cb710}: 'java.lang.Object java.lang.invoke.DirectMethodHandle$Holder.invokeStaticInit(java.lang.Object, java.lang.Object, int, int, int, int)'> (0x00000000fe7cb710) 
thrown [s\open\src\hotspot\share\interpreter\linkResolver.cpp, line 759]
Event: 1.628 Thread 0x00000202af295fd0 Implicit null exception at 0x00000202be6617f2 to 0x00000202be661e30

VM Operations (20 events):
Event: 23.354 Executing VM operation: Cleanup
Event: 23.354 Executing VM operation: Cleanup done
Event: 24.358 Executing VM operation: Cleanup
Event: 24.360 Executing VM operation: Cleanup done
Event: 25.371 Executing VM operation: Cleanup
Event: 25.371 Executing VM operation: Cleanup done
Event: 26.372 Executing VM operation: Cleanup
Event: 26.372 Executing VM operation: Cleanup done
Event: 27.375 Executing VM operation: Cleanup
Event: 27.375 Executing VM operation: Cleanup done
Event: 28.376 Executing VM operation: Cleanup
Event: 28.376 Executing VM operation: Cleanup done
Event: 33.392 Executing VM operation: Cleanup
Event: 33.392 Executing VM operation: Cleanup done
Event: 36.424 Executing VM operation: Cleanup
Event: 36.424 Executing VM operation: Cleanup done
Event: 39.459 Executing VM operation: Cleanup
Event: 39.459 Executing VM operation: Cleanup done
Event: 40.475 Executing VM operation: Cleanup
Event: 40.475 Executing VM operation: Cleanup done

Events (20 events):
Event: 41.605 loading class java/io/ObjectStreamClass$FieldReflectorKey
Event: 41.605 loading class java/io/ObjectStreamClass$FieldReflectorKey done
Event: 41.605 loading class java/io/ObjectStreamClass$FieldReflector
Event: 41.605 loading class java/io/ObjectStreamClass$FieldReflector done
Event: 41.607 loading class java/io/ObjectStreamClass$ClassDataSlot
Event: 41.607 loading class java/io/ObjectStreamClass$ClassDataSlot done
Event: 41.607 loading class java/io/ObjectInputStream$FieldValues
Event: 41.607 loading class java/io/ObjectInputStream$GetField
Event: 41.607 loading class java/io/ObjectInputStream$GetField done
Event: 41.607 loading class java/io/ObjectInputStream$FieldValues done
Event: 41.609 loading class java/util/function/UnaryOperator
Event: 41.609 loading class java/util/function/UnaryOperator done
Event: 41.611 loading class java/io/ObjectStreamClass$ExceptionInfo
Event: 41.611 loading class java/io/ObjectStreamClass$ExceptionInfo done
Event: 41.613 loading class java/io/SerialCallbackContext
Event: 41.613 loading class java/io/SerialCallbackContext done
Event: 41.628 loading class java/io/PrintWriter
Event: 41.629 loading class java/io/PrintWriter done
Event: 41.629 loading class java/lang/Throwable$PrintStreamOrWriter
Event: 41.629 loading class java/lang/Throwable$PrintStreamOrWriter done


Dynamic libraries:
0x00007ff756cb0000 - 0x00007ff756cc0000 	C:\Program Files\Java\jdk-17\bin\java.exe
0x00007ffe0c210000 - 0x00007ffe0c427000 	C:\WINDOWS\SYSTEM32\ntdll.dll
0x00007ffe0a1c0000 - 0x00007ffe0a284000 	C:\WINDOWS\System32\KERNEL32.DLL
0x00007ffe09540000 - 0x00007ffe09913000 	C:\WINDOWS\System32\KERNELBASE.dll
0x00007ffe09a40000 - 0x00007ffe09b51000 	C:\WINDOWS\System32\ucrtbase.dll
0x00007ffe02ed0000 - 0x00007ffe02ee9000 	C:\Program Files\Java\jdk-17\bin\jli.dll
0x00007ffe0a400000 - 0x00007ffe0a4b1000 	C:\WINDOWS\System32\ADVAPI32.dll
0x00007ffe0b0f0000 - 0x00007ffe0b197000 	C:\WINDOWS\System32\msvcrt.dll
0x00007ffe0afd0000 - 0x00007ffe0b077000 	C:\WINDOWS\System32\sechost.dll
0x00007ffe09510000 - 0x00007ffe09538000 	C:\WINDOWS\System32\bcrypt.dll
0x00007ffe0b9b0000 - 0x00007ffe0bac4000 	C:\WINDOWS\System32\RPCRT4.dll
0x00007ffe02890000 - 0x00007ffe028ab000 	C:\Program Files\Java\jdk-17\bin\VCRUNTIME140.dll
0x00007ffe0b390000 - 0x00007ffe0b541000 	C:\WINDOWS\System32\USER32.dll
0x00007ffe09e80000 - 0x00007ffe09ea6000 	C:\WINDOWS\System32\win32u.dll
0x00007ffe0b1a0000 - 0x00007ffe0b1c9000 	C:\WINDOWS\System32\GDI32.dll
0x00007ffe09d50000 - 0x00007ffe09e72000 	C:\WINDOWS\System32\gdi32full.dll
0x00007ffe099a0000 - 0x00007ffe09a3a000 	C:\WINDOWS\System32\msvcp_win.dll
0x00007ffdd8560000 - 0x00007ffdd87fb000 	C:\WINDOWS\WinSxS\amd64_microsoft.windows.common-controls_6595b64144ccf1df_6.0.22621.5262_none_2712bde373830908\COMCTL32.dll
0x00007ffe06f10000 - 0x00007ffe06f1a000 	C:\WINDOWS\SYSTEM32\VERSION.dll
0x00007ffe0bf50000 - 0x00007ffe0bf81000 	C:\WINDOWS\System32\IMM32.DLL
0x00007ffd95a50000 - 0x00007ffd95a5c000 	C:\Program Files\Java\jdk-17\bin\vcruntime140_1.dll
0x00007ffdd1ba0000 - 0x00007ffdd1c2e000 	C:\Program Files\Java\jdk-17\bin\msvcp140.dll
0x00007ffdace10000 - 0x00007ffdad9f0000 	C:\Program Files\Java\jdk-17\bin\server\jvm.dll
0x00007ffe0c1c0000 - 0x00007ffe0c1c8000 	C:\WINDOWS\System32\PSAPI.DLL
0x00007ffe02510000 - 0x00007ffe02544000 	C:\WINDOWS\SYSTEM32\WINMM.dll
0x00007ffe06d60000 - 0x00007ffe06d69000 	C:\WINDOWS\SYSTEM32\WSOCK32.dll
0x00007ffe09fa0000 - 0x00007ffe0a011000 	C:\WINDOWS\System32\WS2_32.dll
0x00007ffe08330000 - 0x00007ffe08348000 	C:\WINDOWS\SYSTEM32\kernel.appcore.dll
0x00007ffe02f80000 - 0x00007ffe02f8a000 	C:\Program Files\Java\jdk-17\bin\jimage.dll
0x00007ffe05e90000 - 0x00007ffe060c2000 	C:\WINDOWS\SYSTEM32\DBGHELP.DLL
0x00007ffe0b610000 - 0x00007ffe0b9a3000 	C:\WINDOWS\System32\combase.dll
0x00007ffe0a650000 - 0x00007ffe0a727000 	C:\WINDOWS\System32\OLEAUT32.dll
0x00007ffded860000 - 0x00007ffded892000 	C:\WINDOWS\SYSTEM32\dbgcore.DLL
0x00007ffe09920000 - 0x00007ffe0999b000 	C:\WINDOWS\System32\bcryptPrimitives.dll
0x00007ffdf9e30000 - 0x00007ffdf9e55000 	C:\Program Files\Java\jdk-17\bin\java.dll
0x00007ffdb5740000 - 0x00007ffdb5817000 	C:\Program Files\Java\jdk-17\bin\jsvml.dll
0x00007ffe0a730000 - 0x00007ffe0afcd000 	C:\WINDOWS\System32\SHELL32.dll
0x00007ffe093d0000 - 0x00007ffe0950f000 	C:\WINDOWS\System32\wintypes.dll
0x00007ffe07200000 - 0x00007ffe07b1d000 	C:\WINDOWS\SYSTEM32\windows.storage.dll
0x00007ffe0a020000 - 0x00007ffe0a12b000 	C:\WINDOWS\System32\SHCORE.dll
0x00007ffe0b080000 - 0x00007ffe0b0e6000 	C:\WINDOWS\System32\shlwapi.dll
0x00007ffe09240000 - 0x00007ffe0926b000 	C:\WINDOWS\SYSTEM32\profapi.dll
0x00007ffdfa410000 - 0x00007ffdfa429000 	C:\Program Files\Java\jdk-17\bin\net.dll
0x00007ffe054d0000 - 0x00007ffe055fc000 	C:\WINDOWS\SYSTEM32\WINHTTP.dll
0x00007ffe087d0000 - 0x00007ffe0883a000 	C:\WINDOWS\system32\mswsock.dll
0x00007ffdfa3c0000 - 0x00007ffdfa3d6000 	C:\Program Files\Java\jdk-17\bin\nio.dll
0x00007ffdf9ea0000 - 0x00007ffdf9eb8000 	C:\Program Files\Java\jdk-17\bin\zip.dll
0x00007ffdfb8c0000 - 0x00007ffdfb8d0000 	C:\Program Files\Java\jdk-17\bin\verify.dll
0x00007ffdfb560000 - 0x00007ffdfb56a000 	C:\Program Files\Java\jdk-17\bin\management.dll
0x00007ffdfb0c0000 - 0x00007ffdfb0cb000 	C:\Program Files\Java\jdk-17\bin\management_ext.dll
0x00007ffdf9d10000 - 0x00007ffdf9d37000 	C:\Users\ajeet sharma\.gradle\native\1def1411415f61bf3af743bc5b6707747c0891f09f0c88961ee8f79bc544acac\windows-amd64\native-platform.dll
0x00007ffe06fa0000 - 0x00007ffe06faa000 	C:\Users\ajeet sharma\.gradle\native\jansi\1.18\windows64\jansi.dll
0x00007ffe07d70000 - 0x00007ffe07d9d000 	C:\WINDOWS\SYSTEM32\IPHLPAPI.DLL
0x00007ffe0a4e0000 - 0x00007ffe0a4e9000 	C:\WINDOWS\System32\NSI.dll
0x00007ffe02b60000 - 0x00007ffe02b79000 	C:\WINDOWS\SYSTEM32\dhcpcsvc6.DLL
0x00007ffe02b40000 - 0x00007ffe02b5f000 	C:\WINDOWS\SYSTEM32\dhcpcsvc.DLL
0x00007ffe07da0000 - 0x00007ffe07e98000 	C:\WINDOWS\SYSTEM32\DNSAPI.dll
0x00007ffe08a20000 - 0x00007ffe08a3b000 	C:\WINDOWS\SYSTEM32\CRYPTSP.dll
0x00007ffe08290000 - 0x00007ffe082c7000 	C:\WINDOWS\system32\rsaenh.dll
0x00007ffe088c0000 - 0x00007ffe088e8000 	C:\WINDOWS\SYSTEM32\USERENV.dll
0x00007ffe08a40000 - 0x00007ffe08a4c000 	C:\WINDOWS\SYSTEM32\CRYPTBASE.dll
0x00007ffdfa150000 - 0x00007ffdfa15e000 	C:\Program Files\Java\jdk-17\bin\sunmscapi.dll
0x00007ffe09b60000 - 0x00007ffe09cc7000 	C:\WINDOWS\System32\CRYPT32.dll
0x00007ffe08c50000 - 0x00007ffe08c7d000 	C:\WINDOWS\SYSTEM32\ncrypt.dll
0x00007ffe08ba0000 - 0x00007ffe08bd7000 	C:\WINDOWS\SYSTEM32\NTASN1.dll
0x00007ffd7d0a0000 - 0x00007ffd7d0a8000 	C:\WINDOWS\system32\wshunix.dll

dbghelp: loaded successfully - version: 4.0.5 - missing functions: none
symbol engine: initialized successfully - sym options: 0x614 - pdb path: .;C:\Program Files\Java\jdk-17\bin;C:\WINDOWS\SYSTEM32;C:\WINDOWS\WinSxS\amd64_microsoft.windows.common-controls_6595b64144ccf1df_6.0.22621.5262_none_2712bde373830908;C:\Program Files\Java\jdk-17\bin\server;C:\Users\ajeet sharma\.gradle\native\1def1411415f61bf3af743bc5b6707747c0891f09f0c88961ee8f79bc544acac\windows-amd64;C:\Users\ajeet sharma\.gradle\native\jansi\1.18\windows64

VM Arguments:
jvm_args: -Xmx64m -Xms64m -Dorg.gradle.appname=gradlew 
java_command: org.gradle.wrapper.GradleWrapperMain app:installDebug -PreactNativeDevServerPort=8081
java_class_path (initial): C:\Users\ajeet sharma\help_wanted\android\\gradle\wrapper\gradle-wrapper.jar
Launcher Type: SUN_STANDARD

[Global flags]
     intx CICompilerCount                          = 3                                         {product} {ergonomic}
     uint ConcGCThreads                            = 1                                         {product} {ergonomic}
     uint G1ConcRefinementThreads                  = 4                                         {product} {ergonomic}
   size_t G1HeapRegionSize                         = 1048576                                   {product} {ergonomic}
    uintx GCDrainStackTargetSize                   = 64                                        {product} {ergonomic}
   size_t InitialHeapSize                          = 67108864                                  {product} {command line}
   size_t MarkStackSize                            = 4194304                                   {product} {ergonomic}
   size_t MaxHeapSize                              = 67108864                                  {product} {command line}
   size_t MaxNewSize                               = 39845888                                  {product} {ergonomic}
   size_t MinHeapDeltaBytes                        = 1048576                                   {product} {ergonomic}
   size_t MinHeapSize                              = 67108864                                  {product} {command line}
    uintx NonNMethodCodeHeapSize                   = 5832780                                {pd product} {ergonomic}
    uintx NonProfiledCodeHeapSize                  = 122912730                              {pd product} {ergonomic}
    uintx ProfiledCodeHeapSize                     = 122912730                              {pd product} {ergonomic}
    uintx ReservedCodeCacheSize                    = 251658240                              {pd product} {ergonomic}
     bool SegmentedCodeCache                       = true                                      {product} {ergonomic}
   size_t SoftMaxHeapSize                          = 67108864                               {manageable} {ergonomic}
     bool UseCompressedClassPointers               = true                           {product lp64_product} {ergonomic}
     bool UseCompressedOops                        = true                           {product lp64_product} {ergonomic}
     bool UseG1GC                                  = true                                      {product} {ergonomic}
     bool UseLargePagesIndividualAllocation        = false                                  {pd product} {ergonomic}

Logging:
Log output configuration:
 #0: stdout all=warning uptime,level,tags
 #1: stderr all=off uptime,level,tags

Environment Variables:
JAVA_HOME=C:\Program Files\Java\jdk-17
CLASSPATH=C:\Users\ajeet sharma\help_wanted\android\\gradle\wrapper\gradle-wrapper.jar
PATH=C:\Users\ajeet sharma\help_wanted\node_modules\.bin;C:\Users\ajeet sharma\help_wanted\node_modules\.bin;C:\Users\ajeet sharma\node_modules\.bin;C:\Users\node_modules\.bin;C:\node_modules\.bin;C:\Users\ajeet sharma\AppData\Roaming\npm\node_modules\npm\node_modules\@npmcli\run-script\lib\node-gyp-bin;C:\Program Files\Common Files\Oracle\Java\javapath;C:\WINDOWS\system32;C:\WINDOWS;C:\WINDOWS\System32\Wbem;C:\WINDOWS\System32\WindowsPowerShell\v1.0\;C:\WINDOWS\System32\OpenSSH\;C:\Program Files\dotnet\;C:\Program Files\Git\cmd;C:\ProgramData\chocolatey\bin;C:\Users\ajeet sharma\AppData\Local\Android\Sdk\platform-tools;C:\Program Files\Java\jdk-17\bin;C:\Program Files\nodejs\;C:\Program Files\Eclipse Adoptium\jdk-21.0.5.11-hotspot\bin;C:\WINDOWS\system32;C:\WINDOWS;C:\WINDOWS\System32\Wbem;C:\WINDOWS\System32\WindowsPowerShell\v1.0\;C:\WINDOWS\System32\OpenSSH\;C:\Program Files\dotnet\;C:\Program Files\Git\cmd;C:\Program Files\nodejs\;C:\ProgramData\chocolatey\bin;C:\Users\ajeet sharma\AppData\Local\Android\Sdk\platform-tools;C:\Program Files\Eclipse Adoptium\jdk-21.0.5.11-hotspot\bin;C:\Program Files\OpenLogic\jdk-11.0.25.9-hotspot\bin;C:\Users\ajeet sharma\AppData\Local\Microsoft\WindowsApps;C:\Users\ajeet sharma\AppData\Local\Microsoft\WindowsApps;C:\Users\ajeet sharma\AppData\Local\Programs\Microsoft VS Code\bin;C:\Users\ajeet sharma\AppData\Local\Programs\mongosh\;C:\Users\ajeet sharma\AppData\Roaming\npm;C:\Program Files\Android\Android Studio2\bin;C:\Program Files\Java\jdk-17;
USERNAME=ajeet sharma
LANG=en_US.UTF-8
OS=Windows_NT
PROCESSOR_IDENTIFIER=Intel64 Family 6 Model 140 Stepping 1, GenuineIntel



---------------  S Y S T E M  ---------------

OS:
 Windows 11 , 64 bit Build 22621 (10.0.22621.5262)
OS uptime: 1 days 21:18 hours
Hyper-V role detected

CPU: total 4 (initial active 4) (2 cores per cpu, 2 threads per core) family 6 model 140 stepping 1 microcode 0xbc, cx8, cmov, fxsr, ht, mmx, 3dnowpref, sse, sse2, sse3, ssse3, sse4.1, sse4.2, popcnt, lzcnt, tsc, tscinvbit, avx, avx2, aes, erms, clmul, bmi1, bmi2, adx, avx512f, avx512dq, avx512cd, avx512bw, avx512vl, sha, fma, vzeroupper, avx512_vpopcntdq, avx512_vpclmulqdq, avx512_vaes, avx512_vnni, clflush, clflushopt, clwb, avx512_vbmi2, avx512_vbmi, hv

Memory: 4k page, system-wide physical 7926M (420M free)
TotalPageFile size 32502M (AvailPageFile size 0M)
current process WorkingSet (physical memory assigned to process): 98M, peak: 98M
current process commit charge ("private bytes"): 158M, peak: 159M

vm_info: Java HotSpot(TM) 64-Bit Server VM (17.0.12+8-LTS-286) for windows-amd64 JRE (17.0.12+8-LTS-286), built on Jun  5 2024 06:46:59 by "mach5one" with MS VC++ 17.6 (VS2022)

END.
